<?xml version="1.0" encoding="UTF-8"?>
<!-- Generated by org.testng.reporters.JUnitReportReporter -->
<testsuite hostname="Samaya" failures="0" tests="2" name="testcase.NavigateMenuItemsTest" time="113.286" errors="0" timestamp="2024-04-11T01:14:28 IST" skipped="0">
  <testcase classname="testcase.NavigateMenuItemsTest" name="NavigateMenuItems" time="57.353"/>
  <testcase classname="testcase.NavigateMenuItemsTest" name="NavigateBottomLinks" time="55.933"/>
</testsuite> <!-- testcase.NavigateMenuItemsTest -->
