<?xml version="1.0" encoding="UTF-8"?>
<!-- Generated by org.testng.reporters.JUnitReportReporter -->
<testsuite hostname="Samaya" failures="0" tests="6" name="testcase.SignupTest" time="105.601" errors="0" timestamp="2024-04-11T01:14:28 IST" skipped="0">
  <testcase classname="testcase.SignupTest" name="Signup" time="20.751"/>
  <testcase classname="testcase.SignupTest" name="Login" time="17.576"/>
  <testcase classname="testcase.SignupTest" name="LoginInvalidEmail" time="20.052"/>
  <testcase classname="testcase.SignupTest" name="LoginInvalidPassword" time="21.912"/>
  <testcase classname="testcase.SignupTest" name="LoginInvalidInvalidPassword" time="22.324"/>
  <testcase classname="testcase.SignupTest" name="LoginwithValidCredentials" time="2.986"/>
</testsuite> <!-- testcase.SignupTest -->
